{'time':'2020-10-04 10:32:07,107', 'level': 'INFO', 'message': 'Starting new HTTPS connection (1): i.instagram.com'}
{'time':'2020-10-04 10:32:07,351', 'level': 'DEBUG', 'message': '"GET /api/v1/si/fetch_headers/?challenge_type=signup&guid=bb3c64b22d714a42b90eea1a7dea6309 HTTP/1.1" 200 16'}
{'time':'2020-10-04 10:32:07,356', 'level': 'INFO', 'message': 'Resetting dropped connection: i.instagram.com'}
{'time':'2020-10-04 10:32:09,230', 'level': 'DEBUG', 'message': '"POST /api/v1/accounts/login/ HTTP/1.1" 200 708'}
{'time':'2020-10-04 10:32:09,237', 'level': 'INFO', 'message': 'Resetting dropped connection: i.instagram.com'}
{'time':'2020-10-04 10:32:09,478', 'level': 'DEBUG', 'message': '"POST /api/v1/qe/sync/ HTTP/1.1" 200 342'}
{'time':'2020-10-04 10:32:09,483', 'level': 'INFO', 'message': 'Resetting dropped connection: i.instagram.com'}
{'time':'2020-10-04 10:32:09,675', 'level': 'DEBUG', 'message': '"GET /api/v1/friendships/autocomplete_user_list/ HTTP/1.1" 429 80'}
{'time':'2020-10-04 10:32:09,680', 'level': 'INFO', 'message': 'Resetting dropped connection: i.instagram.com'}
{'time':'2020-10-04 10:32:09,875', 'level': 'DEBUG', 'message': '"GET /api/v1/feed/timeline/ HTTP/1.1" 405 33'}
{'time':'2020-10-04 10:32:09,880', 'level': 'INFO', 'message': 'Resetting dropped connection: i.instagram.com'}
{'time':'2020-10-04 10:32:10,187', 'level': 'DEBUG', 'message': '"GET /api/v1/direct_v2/inbox/ HTTP/1.1" 404 0'}
{'time':'2020-10-04 10:32:10,192', 'level': 'INFO', 'message': 'Resetting dropped connection: i.instagram.com'}
{'time':'2020-10-04 10:32:11,340', 'level': 'DEBUG', 'message': '"GET /api/v1/news/inbox/ HTTP/1.1" 200 21769'}
{'time':'2020-10-04 10:32:11,347', 'level': 'INFO', 'message': '### Connection to account clementvanstaen'}
{'time':'2020-10-04 10:32:16,354', 'level': 'INFO', 'message': 'Resetting dropped connection: i.instagram.com'}
{'time':'2020-10-04 10:32:16,620', 'level': 'DEBUG', 'message': '"GET /api/v1/users/jack_vaneden/usernameinfo/ HTTP/1.1" 200 611'}
{'time':'2020-10-04 10:32:16,626', 'level': 'INFO', 'message': 'Resetting dropped connection: i.instagram.com'}
{'time':'2020-10-04 10:32:17,222', 'level': 'DEBUG', 'message': '"GET /api/v1/feed/user/8799764623/?max_id=&min_timestamp=None&rank_token=4238711719_4a472f90-4491-4e7f-8d8d-0ee6953f3b97&ranked_content=true HTTP/1.1" 400 60'}
{'time':'2020-10-04 10:32:17,224', 'level': 'WARNING', 'message': '(!) ERROR #1 on account clementvanstaen'}
{'time':'2020-10-04 10:32:17,259', 'level': 'INFO', 'message': 'Resetting dropped connection: i.instagram.com'}
{'time':'2020-10-04 10:32:17,934', 'level': 'DEBUG', 'message': '"GET /api/v1/users/clemensweinhold/usernameinfo/ HTTP/1.1" 200 749'}
{'time':'2020-10-04 10:32:17,939', 'level': 'INFO', 'message': 'Resetting dropped connection: i.instagram.com'}
{'time':'2020-10-04 10:32:18,345', 'level': 'DEBUG', 'message': '"GET /api/v1/feed/user/6041029436/?max_id=&min_timestamp=None&rank_token=4238711719_4a472f90-4491-4e7f-8d8d-0ee6953f3b97&ranked_content=true HTTP/1.1" 200 9193'}
{'time':'2020-10-04 10:32:18,353', 'level': 'INFO', 'message': 'Resetting dropped connection: i.instagram.com'}
{'time':'2020-10-04 10:32:19,264', 'level': 'DEBUG', 'message': '"POST /api/v1/media/2351867016150987028/like/ HTTP/1.1" 200 16'}
{'time':'2020-10-04 10:32:19,266', 'level': 'INFO', 'message': 'clemensweinhold - Photo #2351867016150987028 liked! ... (1)'}
{'time':'2020-10-04 10:32:29,274', 'level': 'INFO', 'message': 'Resetting dropped connection: i.instagram.com'}
{'time':'2020-10-04 10:32:30,118', 'level': 'DEBUG', 'message': '"POST /api/v1/media/2155450604969943953/like/ HTTP/1.1" 200 16'}
{'time':'2020-10-04 10:32:30,120', 'level': 'INFO', 'message': 'clemensweinhold - Photo #2155450604969943953 liked! ... (2)'}
{'time':'2020-10-04 10:32:35,127', 'level': 'INFO', 'message': 'Resetting dropped connection: i.instagram.com'}
{'time':'2020-10-04 10:32:36,026', 'level': 'DEBUG', 'message': '"POST /api/v1/media/2155444390512892697/like/ HTTP/1.1" 200 16'}
{'time':'2020-10-04 10:32:36,028', 'level': 'INFO', 'message': 'clemensweinhold - Photo #2155444390512892697 liked! ... (3)'}
{'time':'2020-10-04 10:33:36,364', 'level': 'INFO', 'message': 'Starting new HTTPS connection (1): i.instagram.com'}
{'time':'2020-10-04 10:33:36,584', 'level': 'DEBUG', 'message': '"GET /api/v1/si/fetch_headers/?challenge_type=signup&guid=990078fac4494d78b563df83afbd8ed8 HTTP/1.1" 200 16'}
{'time':'2020-10-04 10:33:36,590', 'level': 'INFO', 'message': 'Resetting dropped connection: i.instagram.com'}
{'time':'2020-10-04 10:33:38,351', 'level': 'DEBUG', 'message': '"POST /api/v1/accounts/login/ HTTP/1.1" 200 708'}
{'time':'2020-10-04 10:33:38,358', 'level': 'INFO', 'message': 'Resetting dropped connection: i.instagram.com'}
{'time':'2020-10-04 10:33:38,689', 'level': 'DEBUG', 'message': '"POST /api/v1/qe/sync/ HTTP/1.1" 200 342'}
{'time':'2020-10-04 10:33:38,695', 'level': 'INFO', 'message': 'Resetting dropped connection: i.instagram.com'}
{'time':'2020-10-04 10:33:38,882', 'level': 'DEBUG', 'message': '"GET /api/v1/friendships/autocomplete_user_list/ HTTP/1.1" 429 80'}
{'time':'2020-10-04 10:33:38,887', 'level': 'INFO', 'message': 'Resetting dropped connection: i.instagram.com'}
{'time':'2020-10-04 10:33:39,200', 'level': 'DEBUG', 'message': '"GET /api/v1/feed/timeline/ HTTP/1.1" 405 33'}
{'time':'2020-10-04 10:33:39,204', 'level': 'INFO', 'message': 'Resetting dropped connection: i.instagram.com'}
{'time':'2020-10-04 10:33:39,400', 'level': 'DEBUG', 'message': '"GET /api/v1/direct_v2/inbox/ HTTP/1.1" 404 0'}
{'time':'2020-10-04 10:33:39,405', 'level': 'INFO', 'message': 'Resetting dropped connection: i.instagram.com'}
{'time':'2020-10-04 10:33:40,266', 'level': 'DEBUG', 'message': '"GET /api/v1/news/inbox/ HTTP/1.1" 200 21762'}
{'time':'2020-10-04 10:33:40,272', 'level': 'INFO', 'message': '### Connection to account clementvanstaen'}
{'time':'2020-10-04 10:34:29,459', 'level': 'INFO', 'message': 'Resetting dropped connection: i.instagram.com'}
{'time':'2020-10-04 10:34:30,339', 'level': 'DEBUG', 'message': '"POST /api/v1/media/2029278340444856910/like/ HTTP/1.1" 200 16'}
{'time':'2020-10-04 10:34:30,340', 'level': 'INFO', 'message': 'clemensweinhold - Photo #2029278340444856910 liked! ... (3)'}
{'time':'2020-10-04 10:34:47,348', 'level': 'INFO', 'message': 'Resetting dropped connection: i.instagram.com'}
{'time':'2020-10-04 10:34:47,949', 'level': 'DEBUG', 'message': '"POST /api/v1/media/1949693041205817054/like/ HTTP/1.1" 200 16'}
{'time':'2020-10-04 10:34:47,951', 'level': 'INFO', 'message': 'clemensweinhold - Photo #1949693041205817054 liked! ... (4)'}
{'time':'2020-10-04 10:35:02,973', 'level': 'INFO', 'message': 'Resetting dropped connection: i.instagram.com'}
{'time':'2020-10-04 10:35:03,920', 'level': 'DEBUG', 'message': '"POST /api/v1/media/1949688692668644154/like/ HTTP/1.1" 200 16'}
{'time':'2020-10-04 10:35:03,922', 'level': 'INFO', 'message': 'clemensweinhold - Photo #1949688692668644154 liked! ... (5)'}
{'time':'2020-10-04 10:35:03,957', 'level': 'INFO', 'message': 'Resetting dropped connection: i.instagram.com'}
{'time':'2020-10-04 10:35:07,225', 'level': 'DEBUG', 'message': '"GET /api/v1/feed/tag/amateurphotography/?max_id=&rank_token=4238711719_6d7dc774-07d5-4be0-9566-a2ec1e2d0f37&ranked_content=true& HTTP/1.1" 200 129802'}
{'time':'2020-10-04 10:35:07,267', 'level': 'INFO', 'message': 'Resetting dropped connection: i.instagram.com'}
{'time':'2020-10-04 10:35:08,181', 'level': 'DEBUG', 'message': '"POST /api/v1/media/2412399425614750835/like/ HTTP/1.1" 200 16'}
{'time':'2020-10-04 10:35:08,183', 'level': 'INFO', 'message': '#amateurphotography - Photo liked! ... (6)'}
{'time':'2020-10-04 10:35:18,191', 'level': 'INFO', 'message': 'Resetting dropped connection: i.instagram.com'}
{'time':'2020-10-04 10:35:18,892', 'level': 'DEBUG', 'message': '"POST /api/v1/media/2412399389056991147/like/ HTTP/1.1" 200 16'}
{'time':'2020-10-04 10:35:18,894', 'level': 'INFO', 'message': '#amateurphotography - Photo liked! ... (7)'}
{'time':'2020-10-04 10:35:22,900', 'level': 'INFO', 'message': 'Resetting dropped connection: i.instagram.com'}
{'time':'2020-10-04 10:35:23,904', 'level': 'DEBUG', 'message': '"POST /api/v1/media/2412399382596174911/like/ HTTP/1.1" 200 16'}
{'time':'2020-10-04 10:35:23,908', 'level': 'INFO', 'message': '#amateurphotography - Photo liked! ... (8)'}
{'time':'2020-10-04 10:35:28,917', 'level': 'INFO', 'message': 'Resetting dropped connection: i.instagram.com'}
{'time':'2020-10-04 10:35:29,833', 'level': 'DEBUG', 'message': '"POST /api/v1/media/2412399366298810339/like/ HTTP/1.1" 200 16'}
{'time':'2020-10-04 10:35:29,835', 'level': 'INFO', 'message': '#amateurphotography - Photo liked! ... (9)'}
{'time':'2020-10-04 10:35:38,844', 'level': 'INFO', 'message': 'Resetting dropped connection: i.instagram.com'}
{'time':'2020-10-04 10:35:39,648', 'level': 'DEBUG', 'message': '"POST /api/v1/media/2412399342834124775/like/ HTTP/1.1" 200 16'}
{'time':'2020-10-04 10:35:39,650', 'level': 'INFO', 'message': '#amateurphotography - Photo liked! ... (10)'}
{'time':'2020-10-04 10:35:54,657', 'level': 'INFO', 'message': 'Resetting dropped connection: i.instagram.com'}
{'time':'2020-10-04 10:35:55,535', 'level': 'DEBUG', 'message': '"POST /api/v1/media/2412398867829106056/like/ HTTP/1.1" 200 16'}
{'time':'2020-10-04 10:35:55,537', 'level': 'INFO', 'message': '#amateurphotography - Photo liked! ... (11)'}
{'time':'2020-10-04 10:36:05,544', 'level': 'INFO', 'message': 'Resetting dropped connection: i.instagram.com'}
{'time':'2020-10-04 10:36:06,183', 'level': 'DEBUG', 'message': '"POST /api/v1/media/2412398800713229824/like/ HTTP/1.1" 200 16'}
{'time':'2020-10-04 10:36:06,184', 'level': 'INFO', 'message': '#amateurphotography - Photo liked! ... (12)'}
{'time':'2020-10-04 10:36:23,211', 'level': 'INFO', 'message': 'Resetting dropped connection: i.instagram.com'}
{'time':'2020-10-04 10:36:23,853', 'level': 'DEBUG', 'message': '"POST /api/v1/media/2412398788549152563/like/ HTTP/1.1" 200 16'}
{'time':'2020-10-04 10:36:23,855', 'level': 'INFO', 'message': '#amateurphotography - Photo liked! ... (13)'}
{'time':'2020-10-04 10:36:32,862', 'level': 'INFO', 'message': 'Resetting dropped connection: i.instagram.com'}
{'time':'2020-10-04 10:36:33,931', 'level': 'DEBUG', 'message': '"POST /api/v1/media/2412398434047146272/like/ HTTP/1.1" 200 16'}
{'time':'2020-10-04 10:36:33,933', 'level': 'INFO', 'message': '#amateurphotography - Photo liked! ... (14)'}
{'time':'2020-10-04 10:36:53,940', 'level': 'INFO', 'message': 'Resetting dropped connection: i.instagram.com'}
{'time':'2020-10-04 10:36:54,878', 'level': 'DEBUG', 'message': '"POST /api/v1/media/2412398240984514195/like/ HTTP/1.1" 200 16'}
{'time':'2020-10-04 10:36:54,880', 'level': 'INFO', 'message': '#amateurphotography - Photo liked! ... (15)'}
{'time':'2020-10-04 10:37:11,903', 'level': 'INFO', 'message': 'Resetting dropped connection: i.instagram.com'}
{'time':'2020-10-04 10:37:12,730', 'level': 'DEBUG', 'message': '"POST /api/v1/media/2412398228030343398/like/ HTTP/1.1" 200 16'}
{'time':'2020-10-04 10:37:12,731', 'level': 'INFO', 'message': '#amateurphotography - Photo liked! ... (16)'}
{'time':'2020-10-04 10:37:29,739', 'level': 'INFO', 'message': 'Resetting dropped connection: i.instagram.com'}
{'time':'2020-10-04 10:37:30,562', 'level': 'DEBUG', 'message': '"POST /api/v1/media/2412398085071362719/like/ HTTP/1.1" 200 16'}
{'time':'2020-10-04 10:37:30,564', 'level': 'INFO', 'message': '#amateurphotography - Photo liked! ... (17)'}
{'time':'2020-10-04 10:38:00,586', 'level': 'INFO', 'message': 'Resetting dropped connection: i.instagram.com'}
{'time':'2020-10-04 10:38:00,885', 'level': 'DEBUG', 'message': '"GET /api/v1/users/foxyilse/usernameinfo/ HTTP/1.1" 200 792'}
{'time':'2020-10-04 10:38:00,890', 'level': 'INFO', 'message': 'Resetting dropped connection: i.instagram.com'}
{'time':'2020-10-04 10:38:01,604', 'level': 'DEBUG', 'message': '"GET /api/v1/feed/user/268487480/?max_id=&min_timestamp=None&rank_token=4238711719_6d7dc774-07d5-4be0-9566-a2ec1e2d0f37&ranked_content=true HTTP/1.1" 200 11787'}
{'time':'2020-10-04 10:38:01,611', 'level': 'INFO', 'message': 'Resetting dropped connection: i.instagram.com'}
{'time':'2020-10-04 10:38:02,917', 'level': 'DEBUG', 'message': '"POST /api/v1/media/2394539978023405848/like/ HTTP/1.1" 200 16'}
{'time':'2020-10-04 10:38:02,919', 'level': 'INFO', 'message': 'foxyilse - Photo #2394539978023405848 liked! ... (18)'}
{'time':'2020-10-04 10:38:09,923', 'level': 'INFO', 'message': 'Resetting dropped connection: i.instagram.com'}
{'time':'2020-10-04 10:38:10,699', 'level': 'DEBUG', 'message': '"POST /api/v1/media/2389978071975301136/like/ HTTP/1.1" 200 16'}
{'time':'2020-10-04 10:38:10,700', 'level': 'INFO', 'message': 'foxyilse - Photo #2389978071975301136 liked! ... (19)'}
{'time':'2020-10-04 10:38:13,708', 'level': 'INFO', 'message': 'Resetting dropped connection: i.instagram.com'}
{'time':'2020-10-04 10:38:14,456', 'level': 'DEBUG', 'message': '"POST /api/v1/media/2388093702805186121/like/ HTTP/1.1" 200 16'}
{'time':'2020-10-04 10:38:14,458', 'level': 'INFO', 'message': 'foxyilse - Photo #2388093702805186121 liked! ... (20)'}
{'time':'2020-10-04 10:38:23,466', 'level': 'INFO', 'message': 'Resetting dropped connection: i.instagram.com'}
{'time':'2020-10-04 10:38:24,426', 'level': 'DEBUG', 'message': '"POST /api/v1/media/2365598044531583939/like/ HTTP/1.1" 200 16'}
{'time':'2020-10-04 10:38:24,428', 'level': 'INFO', 'message': 'foxyilse - Photo #2365598044531583939 liked! ... (21)'}
{'time':'2020-10-04 10:38:24,461', 'level': 'INFO', 'message': 'Resetting dropped connection: i.instagram.com'}
{'time':'2020-10-04 10:38:29,290', 'level': 'DEBUG', 'message': '"GET /api/v1/feed/tag/kitkatclub/?max_id=&rank_token=4238711719_6d7dc774-07d5-4be0-9566-a2ec1e2d0f37&ranked_content=true& HTTP/1.1" 200 202479'}
{'time':'2020-10-04 10:38:29,547', 'level': 'INFO', 'message': 'Resetting dropped connection: i.instagram.com'}
{'time':'2020-10-04 10:38:30,463', 'level': 'DEBUG', 'message': '"POST /api/v1/media/2411801422251013242/like/ HTTP/1.1" 200 16'}
{'time':'2020-10-04 10:38:30,464', 'level': 'INFO', 'message': '#kitkatclub - Photo liked! ... (22)'}
{'time':'2020-10-04 10:38:37,473', 'level': 'INFO', 'message': 'Resetting dropped connection: i.instagram.com'}
{'time':'2020-10-04 10:38:38,283', 'level': 'DEBUG', 'message': '"POST /api/v1/media/2411791846880998631/like/ HTTP/1.1" 200 16'}
{'time':'2020-10-04 10:38:38,285', 'level': 'INFO', 'message': '#kitkatclub - Photo liked! ... (23)'}
